<?xml version="1.0" encoding="UTF-8"?>
<!-- Generated by org.testng.reporters.JUnitReportReporter -->
<testsuite skipped="0" hostname="Shyam-Gupta-B-307s-MacBook-Pro.local" name="com.darden.qa.testcases.DardenTest" tests="1" failures="0" timestamp="24 Jun 2022 08:03:13 GMT" time="20.093" errors="0">
  <testcase name="locationSelectionTest" time="20.093" classname="com.darden.qa.testcases.DardenTest"/>
</testsuite> <!-- com.darden.qa.testcases.DardenTest -->
